Analysis & Synthesis report for first_cpu_mem
Thu Sep  1 11:22:10 2022
Quartus II 32-bit Version 13.0.1 Build 232 06/12/2013 Service Pack 1 SJ Full Version


---------------------
; Table of Contents ;
---------------------
  1. Legal Notice
  2. Analysis & Synthesis Summary
  3. Analysis & Synthesis Settings
  4. Parallel Compilation
  5. Analysis & Synthesis Source Files Read
  6. Analysis & Synthesis Resource Usage Summary
  7. Analysis & Synthesis Resource Utilization by Entity
  8. Analysis & Synthesis RAM Summary
  9. Analysis & Synthesis IP Cores Summary
 10. General Register Statistics
 11. Inverted Register Statistics
 12. Source assignments for LPM_ROM:inst1|altrom:srom|altsyncram:rom_block|altsyncram_7001:auto_generated
 13. Parameter Settings for User Entity Instance: BUSMUX:inst4
 14. Parameter Settings for User Entity Instance: LPM_ROM:inst1
 15. Parameter Settings for User Entity Instance: inc:inst12
 16. Parameter Settings for User Entity Instance: lpm_add_sub0:inst|lpm_add_sub:LPM_ADD_SUB_component
 17. Elapsed Time Per Partition
 18. Analysis & Synthesis Messages



----------------
; Legal Notice ;
----------------
Copyright (C) 1991-2013 Altera Corporation
Your use of Altera Corporation's design tools, logic functions 
and other software and tools, and its AMPP partner logic 
functions, and any output files from any of the foregoing 
(including device programming or simulation files), and any 
associated documentation or information are expressly subject 
to the terms and conditions of the Altera Program License 
Subscription Agreement, Altera MegaCore Function License 
Agreement, or other applicable license agreement, including, 
without limitation, that your use is for the sole purpose of 
programming logic devices manufactured by Altera and sold by 
Altera or its authorized distributors.  Please refer to the 
applicable agreement for further details.



+---------------------------------------------------------------------------------------+
; Analysis & Synthesis Summary                                                          ;
+------------------------------------+--------------------------------------------------+
; Analysis & Synthesis Status        ; Successful - Thu Sep  1 11:22:10 2022            ;
; Quartus II 32-bit Version          ; 13.0.1 Build 232 06/12/2013 SP 1 SJ Full Version ;
; Revision Name                      ; first_cpu_mem                                    ;
; Top-level Entity Name              ; first_cpu_mem                                    ;
; Family                             ; Cyclone IV E                                     ;
; Total logic elements               ; 33                                               ;
;     Total combinational functions  ; 33                                               ;
;     Dedicated logic registers      ; 23                                               ;
; Total registers                    ; 23                                               ;
; Total pins                         ; 27                                               ;
; Total virtual pins                 ; 0                                                ;
; Total memory bits                  ; 2,560                                            ;
; Embedded Multiplier 9-bit elements ; 0                                                ;
; Total PLLs                         ; 0                                                ;
+------------------------------------+--------------------------------------------------+


+----------------------------------------------------------------------------------------------------------------------+
; Analysis & Synthesis Settings                                                                                        ;
+----------------------------------------------------------------------------+--------------------+--------------------+
; Option                                                                     ; Setting            ; Default Value      ;
+----------------------------------------------------------------------------+--------------------+--------------------+
; Device                                                                     ; EP4CE115F29C7      ;                    ;
; Top-level entity name                                                      ; first_cpu_mem      ; first_cpu_mem      ;
; Family name                                                                ; Cyclone IV E       ; Cyclone IV GX      ;
; Use smart compilation                                                      ; Off                ; Off                ;
; Enable parallel Assembler and TimeQuest Timing Analyzer during compilation ; On                 ; On                 ;
; Enable compact report table                                                ; Off                ; Off                ;
; Restructure Multiplexers                                                   ; Auto               ; Auto               ;
; Create Debugging Nodes for IP Cores                                        ; Off                ; Off                ;
; Preserve fewer node names                                                  ; On                 ; On                 ;
; Disable OpenCore Plus hardware evaluation                                  ; Off                ; Off                ;
; Verilog Version                                                            ; Verilog_2001       ; Verilog_2001       ;
; VHDL Version                                                               ; VHDL_1993          ; VHDL_1993          ;
; State Machine Processing                                                   ; Auto               ; Auto               ;
; Safe State Machine                                                         ; Off                ; Off                ;
; Extract Verilog State Machines                                             ; On                 ; On                 ;
; Extract VHDL State Machines                                                ; On                 ; On                 ;
; Ignore Verilog initial constructs                                          ; Off                ; Off                ;
; Iteration limit for constant Verilog loops                                 ; 5000               ; 5000               ;
; Iteration limit for non-constant Verilog loops                             ; 250                ; 250                ;
; Add Pass-Through Logic to Inferred RAMs                                    ; On                 ; On                 ;
; Infer RAMs from Raw Logic                                                  ; On                 ; On                 ;
; Parallel Synthesis                                                         ; On                 ; On                 ;
; DSP Block Balancing                                                        ; Auto               ; Auto               ;
; NOT Gate Push-Back                                                         ; On                 ; On                 ;
; Power-Up Don't Care                                                        ; On                 ; On                 ;
; Remove Redundant Logic Cells                                               ; Off                ; Off                ;
; Remove Duplicate Registers                                                 ; On                 ; On                 ;
; Ignore CARRY Buffers                                                       ; Off                ; Off                ;
; Ignore CASCADE Buffers                                                     ; Off                ; Off                ;
; Ignore GLOBAL Buffers                                                      ; Off                ; Off                ;
; Ignore ROW GLOBAL Buffers                                                  ; Off                ; Off                ;
; Ignore LCELL Buffers                                                       ; Off                ; Off                ;
; Ignore SOFT Buffers                                                        ; On                 ; On                 ;
; Limit AHDL Integers to 32 Bits                                             ; Off                ; Off                ;
; Optimization Technique                                                     ; Balanced           ; Balanced           ;
; Carry Chain Length                                                         ; 70                 ; 70                 ;
; Auto Carry Chains                                                          ; On                 ; On                 ;
; Auto Open-Drain Pins                                                       ; On                 ; On                 ;
; Perform WYSIWYG Primitive Resynthesis                                      ; Off                ; Off                ;
; Auto ROM Replacement                                                       ; On                 ; On                 ;
; Auto RAM Replacement                                                       ; On                 ; On                 ;
; Auto DSP Block Replacement                                                 ; On                 ; On                 ;
; Auto Shift Register Replacement                                            ; Auto               ; Auto               ;
; Allow Shift Register Merging across Hierarchies                            ; Auto               ; Auto               ;
; Auto Clock Enable Replacement                                              ; On                 ; On                 ;
; Strict RAM Replacement                                                     ; Off                ; Off                ;
; Allow Synchronous Control Signals                                          ; On                 ; On                 ;
; Force Use of Synchronous Clear Signals                                     ; Off                ; Off                ;
; Auto RAM Block Balancing                                                   ; On                 ; On                 ;
; Auto RAM to Logic Cell Conversion                                          ; Off                ; Off                ;
; Auto Resource Sharing                                                      ; Off                ; Off                ;
; Allow Any RAM Size For Recognition                                         ; Off                ; Off                ;
; Allow Any ROM Size For Recognition                                         ; Off                ; Off                ;
; Allow Any Shift Register Size For Recognition                              ; Off                ; Off                ;
; Use LogicLock Constraints during Resource Balancing                        ; On                 ; On                 ;
; Ignore translate_off and synthesis_off directives                          ; Off                ; Off                ;
; Timing-Driven Synthesis                                                    ; On                 ; On                 ;
; Report Parameter Settings                                                  ; On                 ; On                 ;
; Report Source Assignments                                                  ; On                 ; On                 ;
; Report Connectivity Checks                                                 ; On                 ; On                 ;
; Ignore Maximum Fan-Out Assignments                                         ; Off                ; Off                ;
; Synchronization Register Chain Length                                      ; 2                  ; 2                  ;
; PowerPlay Power Optimization                                               ; Normal compilation ; Normal compilation ;
; HDL message level                                                          ; Level2             ; Level2             ;
; Suppress Register Optimization Related Messages                            ; Off                ; Off                ;
; Number of Removed Registers Reported in Synthesis Report                   ; 5000               ; 5000               ;
; Number of Swept Nodes Reported in Synthesis Report                         ; 5000               ; 5000               ;
; Number of Inverted Registers Reported in Synthesis Report                  ; 100                ; 100                ;
; Clock MUX Protection                                                       ; On                 ; On                 ;
; Auto Gated Clock Conversion                                                ; Off                ; Off                ;
; Block Design Naming                                                        ; Auto               ; Auto               ;
; SDC constraint protection                                                  ; Off                ; Off                ;
; Synthesis Effort                                                           ; Auto               ; Auto               ;
; Shift Register Replacement - Allow Asynchronous Clear Signal               ; On                 ; On                 ;
; Pre-Mapping Resynthesis Optimization                                       ; Off                ; Off                ;
; Analysis & Synthesis Message Level                                         ; Medium             ; Medium             ;
; Disable Register Merging Across Hierarchies                                ; Auto               ; Auto               ;
; Resource Aware Inference For Block RAM                                     ; On                 ; On                 ;
; Synthesis Seed                                                             ; 1                  ; 1                  ;
+----------------------------------------------------------------------------+--------------------+--------------------+


+------------------------------------------+
; Parallel Compilation                     ;
+----------------------------+-------------+
; Processors                 ; Number      ;
+----------------------------+-------------+
; Number detected on machine ; 4           ;
; Maximum allowed            ; 4           ;
;                            ;             ;
; Average used               ; 1.00        ;
; Maximum used               ; 2           ;
;                            ;             ;
; Usage by Processor         ; % Time Used ;
;     Processor 1            ; 100.0%      ;
;     Processor 2            ; < 0.1%      ;
;     Processors 3-4         ;   0.0%      ;
+----------------------------+-------------+


+---------------------------------------------------------------------------------------------------------------------------------------------------------------------------------------------+
; Analysis & Synthesis Source Files Read                                                                                                                                                      ;
+----------------------------------+-----------------+------------------------------------+-----------------------------------------------------------------------------------------+---------+
; File Name with User-Entered Path ; Used in Netlist ; File Type                          ; File Name with Absolute Path                                                            ; Library ;
+----------------------------------+-----------------+------------------------------------+-----------------------------------------------------------------------------------------+---------+
; bcd2ssd.vhd                      ; yes             ; User VHDL File                     ; /home/aluno/MID/MIC-FILES/MIC-COM-MEMORIA/first_cpu_mem_restored/bcd2ssd.vhd            ;         ;
; rom.mif                          ; yes             ; User Memory Initialization File    ; /home/aluno/MID/MIC-FILES/MIC-COM-MEMORIA/first_cpu_mem_restored/rom.mif                ;         ;
; lpm_add_sub0.vhd                 ; yes             ; User Wizard-Generated File         ; /home/aluno/MID/MIC-FILES/MIC-COM-MEMORIA/first_cpu_mem_restored/lpm_add_sub0.vhd       ;         ;
; first_cpu_mem.bdf                ; yes             ; User Block Diagram/Schematic File  ; /home/aluno/MID/MIC-FILES/MIC-COM-MEMORIA/first_cpu_mem_restored/first_cpu_mem.bdf      ;         ;
; inc.vhd                          ; yes             ; User VHDL File                     ; /home/aluno/MID/MIC-FILES/MIC-COM-MEMORIA/first_cpu_mem_restored/inc.vhd                ;         ;
; 8dffe.bdf                        ; yes             ; Megafunction                       ; /opt/altera/13.0sp1/quartus/libraries/others/maxplus2/8dffe.bdf                         ;         ;
; busmux.tdf                       ; yes             ; Megafunction                       ; /opt/altera/13.0sp1/quartus/libraries/megafunctions/busmux.tdf                          ;         ;
; lpm_mux.inc                      ; yes             ; Megafunction                       ; /opt/altera/13.0sp1/quartus/libraries/megafunctions/lpm_mux.inc                         ;         ;
; lpm_mux.tdf                      ; yes             ; Megafunction                       ; /opt/altera/13.0sp1/quartus/libraries/megafunctions/lpm_mux.tdf                         ;         ;
; aglobal130.inc                   ; yes             ; Megafunction                       ; /opt/altera/13.0sp1/quartus/libraries/megafunctions/aglobal130.inc                      ;         ;
; muxlut.inc                       ; yes             ; Megafunction                       ; /opt/altera/13.0sp1/quartus/libraries/megafunctions/muxlut.inc                          ;         ;
; bypassff.inc                     ; yes             ; Megafunction                       ; /opt/altera/13.0sp1/quartus/libraries/megafunctions/bypassff.inc                        ;         ;
; altshift.inc                     ; yes             ; Megafunction                       ; /opt/altera/13.0sp1/quartus/libraries/megafunctions/altshift.inc                        ;         ;
; db/mux_erc.tdf                   ; yes             ; Auto-Generated Megafunction        ; /home/aluno/MID/MIC-FILES/MIC-COM-MEMORIA/first_cpu_mem_restored/db/mux_erc.tdf         ;         ;
; lpm_rom.tdf                      ; yes             ; Megafunction                       ; /opt/altera/13.0sp1/quartus/libraries/megafunctions/lpm_rom.tdf                         ;         ;
; altrom.inc                       ; yes             ; Megafunction                       ; /opt/altera/13.0sp1/quartus/libraries/megafunctions/altrom.inc                          ;         ;
; altrom.tdf                       ; yes             ; Megafunction                       ; /opt/altera/13.0sp1/quartus/libraries/megafunctions/altrom.tdf                          ;         ;
; memmodes.inc                     ; yes             ; Megafunction                       ; /opt/altera/13.0sp1/quartus/libraries/others/maxplus2/memmodes.inc                      ;         ;
; lpm_decode.inc                   ; yes             ; Megafunction                       ; /opt/altera/13.0sp1/quartus/libraries/megafunctions/lpm_decode.inc                      ;         ;
; altsyncram.inc                   ; yes             ; Megafunction                       ; /opt/altera/13.0sp1/quartus/libraries/megafunctions/altsyncram.inc                      ;         ;
; altsyncram.tdf                   ; yes             ; Megafunction                       ; /opt/altera/13.0sp1/quartus/libraries/megafunctions/altsyncram.tdf                      ;         ;
; stratix_ram_block.inc            ; yes             ; Megafunction                       ; /opt/altera/13.0sp1/quartus/libraries/megafunctions/stratix_ram_block.inc               ;         ;
; a_rdenreg.inc                    ; yes             ; Megafunction                       ; /opt/altera/13.0sp1/quartus/libraries/megafunctions/a_rdenreg.inc                       ;         ;
; altram.inc                       ; yes             ; Megafunction                       ; /opt/altera/13.0sp1/quartus/libraries/megafunctions/altram.inc                          ;         ;
; altdpram.inc                     ; yes             ; Megafunction                       ; /opt/altera/13.0sp1/quartus/libraries/megafunctions/altdpram.inc                        ;         ;
; db/altsyncram_7001.tdf           ; yes             ; Auto-Generated Megafunction        ; /home/aluno/MID/MIC-FILES/MIC-COM-MEMORIA/first_cpu_mem_restored/db/altsyncram_7001.tdf ;         ;
; lpm_add_sub.tdf                  ; yes             ; Megafunction                       ; /opt/altera/13.0sp1/quartus/libraries/megafunctions/lpm_add_sub.tdf                     ;         ;
; addcore.inc                      ; yes             ; Megafunction                       ; /opt/altera/13.0sp1/quartus/libraries/megafunctions/addcore.inc                         ;         ;
; look_add.inc                     ; yes             ; Megafunction                       ; /opt/altera/13.0sp1/quartus/libraries/megafunctions/look_add.inc                        ;         ;
; alt_stratix_add_sub.inc          ; yes             ; Megafunction                       ; /opt/altera/13.0sp1/quartus/libraries/megafunctions/alt_stratix_add_sub.inc             ;         ;
; db/add_sub_tmg.tdf               ; yes             ; Auto-Generated Megafunction        ; /home/aluno/MID/MIC-FILES/MIC-COM-MEMORIA/first_cpu_mem_restored/db/add_sub_tmg.tdf     ;         ;
+----------------------------------+-----------------+------------------------------------+-----------------------------------------------------------------------------------------+---------+


+---------------------------------------------------------+
; Analysis & Synthesis Resource Usage Summary             ;
+---------------------------------------------+-----------+
; Resource                                    ; Usage     ;
+---------------------------------------------+-----------+
; Estimated Total logic elements              ; 33        ;
;                                             ;           ;
; Total combinational functions               ; 33        ;
; Logic element usage by number of LUT inputs ;           ;
;     -- 4 input functions                    ; 7         ;
;     -- 3 input functions                    ; 8         ;
;     -- <=2 input functions                  ; 18        ;
;                                             ;           ;
; Logic elements by mode                      ;           ;
;     -- normal mode                          ; 19        ;
;     -- arithmetic mode                      ; 14        ;
;                                             ;           ;
; Total registers                             ; 23        ;
;     -- Dedicated logic registers            ; 23        ;
;     -- I/O registers                        ; 0         ;
;                                             ;           ;
; I/O pins                                    ; 27        ;
; Total memory bits                           ; 2560      ;
; Embedded Multiplier 9-bit elements          ; 0         ;
; Maximum fan-out node                        ; CLK~input ;
; Maximum fan-out                             ; 33        ;
; Total fan-out                               ; 321       ;
; Average fan-out                             ; 2.67      ;
+---------------------------------------------+-----------+


+-------------------------------------------------------------------------------------------------------------------------------------------------------------------------------------------------------------------------------------------------------------------------+
; Analysis & Synthesis Resource Utilization by Entity                                                                                                                                                                                                                     ;
+----------------------------------------------+-------------------+--------------+-------------+--------------+---------+-----------+------+--------------+-----------------------------------------------------------------------------------------------+--------------+
; Compilation Hierarchy Node                   ; LC Combinationals ; LC Registers ; Memory Bits ; DSP Elements ; DSP 9x9 ; DSP 18x18 ; Pins ; Virtual Pins ; Full Hierarchy Name                                                                           ; Library Name ;
+----------------------------------------------+-------------------+--------------+-------------+--------------+---------+-----------+------+--------------+-----------------------------------------------------------------------------------------------+--------------+
; |first_cpu_mem                               ; 33 (1)            ; 23 (0)       ; 2560        ; 0            ; 0       ; 0         ; 27   ; 0            ; |first_cpu_mem                                                                                ; work         ;
;    |8dffe:ACC|                               ; 9 (9)             ; 8 (8)        ; 0           ; 0            ; 0       ; 0         ; 0    ; 0            ; |first_cpu_mem|8dffe:ACC                                                                      ; work         ;
;    |8dffe:PC|                                ; 8 (8)             ; 8 (8)        ; 0           ; 0            ; 0       ; 0         ; 0    ; 0            ; |first_cpu_mem|8dffe:PC                                                                       ; work         ;
;    |bcd2ssd:inst3|                           ; 7 (7)             ; 7 (7)        ; 0           ; 0            ; 0       ; 0         ; 0    ; 0            ; |first_cpu_mem|bcd2ssd:inst3                                                                  ; work         ;
;    |lpm_add_sub0:inst|                       ; 8 (0)             ; 0 (0)        ; 0           ; 0            ; 0       ; 0         ; 0    ; 0            ; |first_cpu_mem|lpm_add_sub0:inst                                                              ; work         ;
;       |lpm_add_sub:LPM_ADD_SUB_component|    ; 8 (0)             ; 0 (0)        ; 0           ; 0            ; 0       ; 0         ; 0    ; 0            ; |first_cpu_mem|lpm_add_sub0:inst|lpm_add_sub:LPM_ADD_SUB_component                            ; work         ;
;          |add_sub_tmg:auto_generated|        ; 8 (8)             ; 0 (0)        ; 0           ; 0            ; 0       ; 0         ; 0    ; 0            ; |first_cpu_mem|lpm_add_sub0:inst|lpm_add_sub:LPM_ADD_SUB_component|add_sub_tmg:auto_generated ; work         ;
;    |lpm_rom:inst1|                           ; 0 (0)             ; 0 (0)        ; 2560        ; 0            ; 0       ; 0         ; 0    ; 0            ; |first_cpu_mem|lpm_rom:inst1                                                                  ; work         ;
;       |altrom:srom|                          ; 0 (0)             ; 0 (0)        ; 2560        ; 0            ; 0       ; 0         ; 0    ; 0            ; |first_cpu_mem|lpm_rom:inst1|altrom:srom                                                      ; work         ;
;          |altsyncram:rom_block|              ; 0 (0)             ; 0 (0)        ; 2560        ; 0            ; 0       ; 0         ; 0    ; 0            ; |first_cpu_mem|lpm_rom:inst1|altrom:srom|altsyncram:rom_block                                 ; work         ;
;             |altsyncram_7001:auto_generated| ; 0 (0)             ; 0 (0)        ; 2560        ; 0            ; 0       ; 0         ; 0    ; 0            ; |first_cpu_mem|lpm_rom:inst1|altrom:srom|altsyncram:rom_block|altsyncram_7001:auto_generated  ; work         ;
+----------------------------------------------+-------------------+--------------+-------------+--------------+---------+-----------+------+--------------+-----------------------------------------------------------------------------------------------+--------------+
Note: For table entries with two numbers listed, the numbers in parentheses indicate the number of resources of the given type used by the specific entity alone. The numbers listed outside of parentheses indicate the total resources of the given type used by the specific entity and all of its sub-entities in the hierarchy.


+-------------------------------------------------------------------------------------------------------------------------------------------------------------------------------------+
; Analysis & Synthesis RAM Summary                                                                                                                                                    ;
+------------------------------------------------------------------------------------------+------+------+--------------+--------------+--------------+--------------+------+---------+
; Name                                                                                     ; Type ; Mode ; Port A Depth ; Port A Width ; Port B Depth ; Port B Width ; Size ; MIF     ;
+------------------------------------------------------------------------------------------+------+------+--------------+--------------+--------------+--------------+------+---------+
; lpm_rom:inst1|altrom:srom|altsyncram:rom_block|altsyncram_7001:auto_generated|ALTSYNCRAM ; AUTO ; ROM  ; 256          ; 10           ; --           ; --           ; 2560 ; rom.mif ;
+------------------------------------------------------------------------------------------+------+------+--------------+--------------+--------------+--------------+------+---------+


+--------------------------------------------------------------------------------------------------------------------------------------------------------------------------------------+
; Analysis & Synthesis IP Cores Summary                                                                                                                                                ;
+--------+--------------+---------+--------------+--------------+----------------------------------+-----------------------------------------------------------------------------------+
; Vendor ; IP Core Name ; Version ; Release Date ; License Type ; Entity Instance                  ; IP Include File                                                                   ;
+--------+--------------+---------+--------------+--------------+----------------------------------+-----------------------------------------------------------------------------------+
; Altera ; LPM_ADD_SUB  ; N/A     ; N/A          ; N/A          ; |first_cpu_mem|lpm_add_sub0:inst ; /home/aluno/MID/MIC-FILES/MIC-COM-MEMORIA/first_cpu_mem_restored/lpm_add_sub0.vhd ;
+--------+--------------+---------+--------------+--------------+----------------------------------+-----------------------------------------------------------------------------------+


+------------------------------------------------------+
; General Register Statistics                          ;
+----------------------------------------------+-------+
; Statistic                                    ; Value ;
+----------------------------------------------+-------+
; Total registers                              ; 23    ;
; Number of registers using Synchronous Clear  ; 0     ;
; Number of registers using Synchronous Load   ; 8     ;
; Number of registers using Asynchronous Clear ; 23    ;
; Number of registers using Asynchronous Load  ; 0     ;
; Number of registers using Clock Enable       ; 8     ;
; Number of registers using Preset             ; 0     ;
+----------------------------------------------+-------+


+--------------------------------------------------+
; Inverted Register Statistics                     ;
+----------------------------------------+---------+
; Inverted Register                      ; Fan out ;
+----------------------------------------+---------+
; bcd2ssd:inst3|SSD_reg[6]               ; 1       ;
; bcd2ssd:inst3|SSD_reg[5]               ; 1       ;
; bcd2ssd:inst3|SSD_reg[4]               ; 1       ;
; bcd2ssd:inst3|SSD_reg[3]               ; 1       ;
; bcd2ssd:inst3|SSD_reg[2]               ; 1       ;
; bcd2ssd:inst3|SSD_reg[1]               ; 1       ;
; bcd2ssd:inst3|SSD_reg[0]               ; 1       ;
; Total number of inverted registers = 7 ;         ;
+----------------------------------------+---------+


+------------------------------------------------------------------------------------------------------+
; Source assignments for LPM_ROM:inst1|altrom:srom|altsyncram:rom_block|altsyncram_7001:auto_generated ;
+---------------------------------+--------------------+------+----------------------------------------+
; Assignment                      ; Value              ; From ; To                                     ;
+---------------------------------+--------------------+------+----------------------------------------+
; OPTIMIZE_POWER_DURING_SYNTHESIS ; NORMAL_COMPILATION ; -    ; -                                      ;
+---------------------------------+--------------------+------+----------------------------------------+


+-----------------------------------------------------------+
; Parameter Settings for User Entity Instance: BUSMUX:inst4 ;
+----------------+-------+----------------------------------+
; Parameter Name ; Value ; Type                             ;
+----------------+-------+----------------------------------+
; WIDTH          ; 8     ; Signed Integer                   ;
+----------------+-------+----------------------------------+
Note: In order to hide this table in the UI and the text report file, please set the "Show Parameter Settings in Synthesis Report" option in "Analysis and Synthesis Settings -> More Settings" to "Off".


+------------------------------------------------------------+
; Parameter Settings for User Entity Instance: LPM_ROM:inst1 ;
+------------------------+--------------+--------------------+
; Parameter Name         ; Value        ; Type               ;
+------------------------+--------------+--------------------+
; LPM_WIDTH              ; 10           ; Untyped            ;
; LPM_WIDTHAD            ; 8            ; Untyped            ;
; LPM_NUMWORDS           ; 256          ; Untyped            ;
; LPM_ADDRESS_CONTROL    ; REGISTERED   ; Untyped            ;
; LPM_OUTDATA            ; UNREGISTERED ; Untyped            ;
; LPM_FILE               ; rom.mif      ; Untyped            ;
; DEVICE_FAMILY          ; Cyclone IV E ; Untyped            ;
; AUTO_CARRY_CHAINS      ; ON           ; AUTO_CARRY         ;
; IGNORE_CARRY_BUFFERS   ; OFF          ; IGNORE_CARRY       ;
; AUTO_CASCADE_CHAINS    ; ON           ; AUTO_CASCADE       ;
; IGNORE_CASCADE_BUFFERS ; OFF          ; IGNORE_CASCADE     ;
+------------------------+--------------+--------------------+
Note: In order to hide this table in the UI and the text report file, please set the "Show Parameter Settings in Synthesis Report" option in "Analysis and Synthesis Settings -> More Settings" to "Off".


+---------------------------------------------------------+
; Parameter Settings for User Entity Instance: inc:inst12 ;
+----------------+-------+--------------------------------+
; Parameter Name ; Value ; Type                           ;
+----------------+-------+--------------------------------+
; data_width     ; 8     ; Signed Integer                 ;
+----------------+-------+--------------------------------+
Note: In order to hide this table in the UI and the text report file, please set the "Show Parameter Settings in Synthesis Report" option in "Analysis and Synthesis Settings -> More Settings" to "Off".


+--------------------------------------------------------------------------------------------------+
; Parameter Settings for User Entity Instance: lpm_add_sub0:inst|lpm_add_sub:LPM_ADD_SUB_component ;
+------------------------+--------------+----------------------------------------------------------+
; Parameter Name         ; Value        ; Type                                                     ;
+------------------------+--------------+----------------------------------------------------------+
; LPM_WIDTH              ; 8            ; Signed Integer                                           ;
; LPM_REPRESENTATION     ; UNSIGNED     ; Untyped                                                  ;
; LPM_DIRECTION          ; DEFAULT      ; Untyped                                                  ;
; ONE_INPUT_IS_CONSTANT  ; NO           ; Untyped                                                  ;
; LPM_PIPELINE           ; 0            ; Untyped                                                  ;
; MAXIMIZE_SPEED         ; 5            ; Untyped                                                  ;
; REGISTERED_AT_END      ; 0            ; Untyped                                                  ;
; OPTIMIZE_FOR_SPEED     ; 5            ; Untyped                                                  ;
; USE_CS_BUFFERS         ; 1            ; Untyped                                                  ;
; CARRY_CHAIN            ; MANUAL       ; Untyped                                                  ;
; CARRY_CHAIN_LENGTH     ; 48           ; CARRY_CHAIN_LENGTH                                       ;
; DEVICE_FAMILY          ; Cyclone IV E ; Untyped                                                  ;
; USE_WYS                ; OFF          ; Untyped                                                  ;
; STYLE                  ; FAST         ; Untyped                                                  ;
; CBXI_PARAMETER         ; add_sub_tmg  ; Untyped                                                  ;
; AUTO_CARRY_CHAINS      ; ON           ; AUTO_CARRY                                               ;
; IGNORE_CARRY_BUFFERS   ; OFF          ; IGNORE_CARRY                                             ;
; AUTO_CASCADE_CHAINS    ; ON           ; AUTO_CASCADE                                             ;
; IGNORE_CASCADE_BUFFERS ; OFF          ; IGNORE_CASCADE                                           ;
+------------------------+--------------+----------------------------------------------------------+
Note: In order to hide this table in the UI and the text report file, please set the "Show Parameter Settings in Synthesis Report" option in "Analysis and Synthesis Settings -> More Settings" to "Off".


+-------------------------------+
; Elapsed Time Per Partition    ;
+----------------+--------------+
; Partition Name ; Elapsed Time ;
+----------------+--------------+
; Top            ; 00:00:00     ;
+----------------+--------------+


+-------------------------------+
; Analysis & Synthesis Messages ;
+-------------------------------+
Info: *******************************************************************
Info: Running Quartus II 32-bit Analysis & Synthesis
    Info: Version 13.0.1 Build 232 06/12/2013 Service Pack 1 SJ Full Version
    Info: Processing started: Thu Sep  1 11:22:07 2022
Info: Command: quartus_map --read_settings_files=on --write_settings_files=off first_cpu_mem -c first_cpu_mem
Info (20030): Parallel compilation is enabled and will use 4 of the 4 processors detected
Info (12021): Found 2 design units, including 1 entities, in source file bcd2ssd.vhd
    Info (12022): Found design unit 1: bcd2ssd-arch
    Info (12023): Found entity 1: bcd2ssd
Info (12021): Found 2 design units, including 1 entities, in source file lpm_add_sub0.vhd
    Info (12022): Found design unit 1: lpm_add_sub0-SYN
    Info (12023): Found entity 1: lpm_add_sub0
Info (12021): Found 1 design units, including 1 entities, in source file first_cpu_mem.bdf
    Info (12023): Found entity 1: first_cpu_mem
Info (12021): Found 2 design units, including 1 entities, in source file inc.vhd
    Info (12022): Found design unit 1: inc-rtl
    Info (12023): Found entity 1: inc
Info (12127): Elaborating entity "first_cpu_mem" for the top level hierarchy
Warning (275006): Can't find a definition for parameter LPM_FILE -- assuming rom.mif was intended to be a quoted string
Info (12128): Elaborating entity "8dffe" for hierarchy "8dffe:ACC"
Info (12130): Elaborated megafunction instantiation "8dffe:ACC"
Info (12128): Elaborating entity "BUSMUX" for hierarchy "BUSMUX:inst4"
Info (12130): Elaborated megafunction instantiation "BUSMUX:inst4"
Info (12133): Instantiated megafunction "BUSMUX:inst4" with the following parameter:
    Info (12134): Parameter "WIDTH" = "8"
Info (12128): Elaborating entity "lpm_mux" for hierarchy "BUSMUX:inst4|lpm_mux:$00000"
Info (12131): Elaborated megafunction instantiation "BUSMUX:inst4|lpm_mux:$00000", which is child of megafunction instantiation "BUSMUX:inst4"
Info (12021): Found 1 design units, including 1 entities, in source file db/mux_erc.tdf
    Info (12023): Found entity 1: mux_erc
Info (12128): Elaborating entity "mux_erc" for hierarchy "BUSMUX:inst4|lpm_mux:$00000|mux_erc:auto_generated"
Info (12128): Elaborating entity "LPM_ROM" for hierarchy "LPM_ROM:inst1"
Info (12130): Elaborated megafunction instantiation "LPM_ROM:inst1"
Info (12133): Instantiated megafunction "LPM_ROM:inst1" with the following parameter:
    Info (12134): Parameter "LPM_ADDRESS_CONTROL" = "REGISTERED"
    Info (12134): Parameter "LPM_FILE" = "rom.mif"
    Info (12134): Parameter "LPM_OUTDATA" = "UNREGISTERED"
    Info (12134): Parameter "LPM_WIDTH" = "10"
    Info (12134): Parameter "LPM_WIDTHAD" = "8"
Info (12128): Elaborating entity "altrom" for hierarchy "LPM_ROM:inst1|altrom:srom"
Info (12131): Elaborated megafunction instantiation "LPM_ROM:inst1|altrom:srom", which is child of megafunction instantiation "LPM_ROM:inst1"
Info (12128): Elaborating entity "altsyncram" for hierarchy "LPM_ROM:inst1|altrom:srom|altsyncram:rom_block"
Info (12131): Elaborated megafunction instantiation "LPM_ROM:inst1|altrom:srom|altsyncram:rom_block", which is child of megafunction instantiation "LPM_ROM:inst1"
Info (12021): Found 1 design units, including 1 entities, in source file db/altsyncram_7001.tdf
    Info (12023): Found entity 1: altsyncram_7001
Info (12128): Elaborating entity "altsyncram_7001" for hierarchy "LPM_ROM:inst1|altrom:srom|altsyncram:rom_block|altsyncram_7001:auto_generated"
Warning (127007): Memory Initialization File or Hexadecimal (Intel-Format) File "/home/aluno/MID/MIC-FILES/MIC-COM-MEMORIA/first_cpu_mem_restored/rom.mif" contains "don't care" values -- overwriting them with 0s
Warning (127007): Memory Initialization File or Hexadecimal (Intel-Format) File "/home/aluno/MID/MIC-FILES/MIC-COM-MEMORIA/first_cpu_mem_restored/rom.mif" contains "don't care" values -- overwriting them with 0s
Warning (127007): Memory Initialization File or Hexadecimal (Intel-Format) File "/home/aluno/MID/MIC-FILES/MIC-COM-MEMORIA/first_cpu_mem_restored/rom.mif" contains "don't care" values -- overwriting them with 0s
Warning (127007): Memory Initialization File or Hexadecimal (Intel-Format) File "/home/aluno/MID/MIC-FILES/MIC-COM-MEMORIA/first_cpu_mem_restored/rom.mif" contains "don't care" values -- overwriting them with 0s
Warning (127007): Memory Initialization File or Hexadecimal (Intel-Format) File "/home/aluno/MID/MIC-FILES/MIC-COM-MEMORIA/first_cpu_mem_restored/rom.mif" contains "don't care" values -- overwriting them with 0s
Warning (127007): Memory Initialization File or Hexadecimal (Intel-Format) File "/home/aluno/MID/MIC-FILES/MIC-COM-MEMORIA/first_cpu_mem_restored/rom.mif" contains "don't care" values -- overwriting them with 0s
Warning (127007): Memory Initialization File or Hexadecimal (Intel-Format) File "/home/aluno/MID/MIC-FILES/MIC-COM-MEMORIA/first_cpu_mem_restored/rom.mif" contains "don't care" values -- overwriting them with 0s
Warning (127007): Memory Initialization File or Hexadecimal (Intel-Format) File "/home/aluno/MID/MIC-FILES/MIC-COM-MEMORIA/first_cpu_mem_restored/rom.mif" contains "don't care" values -- overwriting them with 0s
Info (12128): Elaborating entity "inc" for hierarchy "inc:inst12"
Info (12128): Elaborating entity "lpm_add_sub0" for hierarchy "lpm_add_sub0:inst"
Info (12128): Elaborating entity "lpm_add_sub" for hierarchy "lpm_add_sub0:inst|lpm_add_sub:LPM_ADD_SUB_component"
Info (12130): Elaborated megafunction instantiation "lpm_add_sub0:inst|lpm_add_sub:LPM_ADD_SUB_component"
Info (12133): Instantiated megafunction "lpm_add_sub0:inst|lpm_add_sub:LPM_ADD_SUB_component" with the following parameter:
    Info (12134): Parameter "lpm_direction" = "UNUSED"
    Info (12134): Parameter "lpm_hint" = "ONE_INPUT_IS_CONSTANT=NO,CIN_USED=NO"
    Info (12134): Parameter "lpm_representation" = "UNSIGNED"
    Info (12134): Parameter "lpm_type" = "LPM_ADD_SUB"
    Info (12134): Parameter "lpm_width" = "8"
Info (12021): Found 1 design units, including 1 entities, in source file db/add_sub_tmg.tdf
    Info (12023): Found entity 1: add_sub_tmg
Info (12128): Elaborating entity "add_sub_tmg" for hierarchy "lpm_add_sub0:inst|lpm_add_sub:LPM_ADD_SUB_component|add_sub_tmg:auto_generated"
Info (12128): Elaborating entity "bcd2ssd" for hierarchy "bcd2ssd:inst3"
Warning (13044): Always-enabled tri-state buffer(s) removed
    Warning (13045): Converted the fanout from the always-enabled tri-state buffer "lpm_rom:inst1|otri[9]" to the node "MEM_OUT[9]" into a wire
    Warning (13045): Converted the fanout from the always-enabled tri-state buffer "lpm_rom:inst1|otri[8]" to the node "MEM_OUT[8]" into a wire
    Warning (13045): Converted the fanout from the always-enabled tri-state buffer "lpm_rom:inst1|otri[7]" to the node "MEM_OUT[7]" into a wire
    Warning (13045): Converted the fanout from the always-enabled tri-state buffer "lpm_rom:inst1|otri[6]" to the node "MEM_OUT[6]" into a wire
    Warning (13045): Converted the fanout from the always-enabled tri-state buffer "lpm_rom:inst1|otri[5]" to the node "MEM_OUT[5]" into a wire
    Warning (13045): Converted the fanout from the always-enabled tri-state buffer "lpm_rom:inst1|otri[4]" to the node "MEM_OUT[4]" into a wire
    Warning (13045): Converted the fanout from the always-enabled tri-state buffer "lpm_rom:inst1|otri[3]" to the node "MEM_OUT[3]" into a wire
    Warning (13045): Converted the fanout from the always-enabled tri-state buffer "lpm_rom:inst1|otri[2]" to the node "MEM_OUT[2]" into a wire
    Warning (13045): Converted the fanout from the always-enabled tri-state buffer "lpm_rom:inst1|otri[1]" to the node "MEM_OUT[1]" into a wire
    Warning (13045): Converted the fanout from the always-enabled tri-state buffer "lpm_rom:inst1|otri[0]" to the node "MEM_OUT[0]" into a wire
Warning (13046): Tri-state node(s) do not directly drive top-level pin(s)
    Warning (13047): Converted the fan-out from the tri-state buffer "lpm_rom:inst1|otri[9]" to the node "inst8" into an OR gate
    Warning (13047): Converted the fan-out from the tri-state buffer "lpm_rom:inst1|otri[8]" to the node "inst8" into an OR gate
    Warning (13047): Converted the fan-out from the tri-state buffer "lpm_rom:inst1|otri[7]" to the node "lpm_add_sub0:inst|lpm_add_sub:LPM_ADD_SUB_component|add_sub_tmg:auto_generated|_" into an OR gate
    Warning (13047): Converted the fan-out from the tri-state buffer "lpm_rom:inst1|otri[6]" to the node "lpm_add_sub0:inst|lpm_add_sub:LPM_ADD_SUB_component|add_sub_tmg:auto_generated|_" into an OR gate
    Warning (13047): Converted the fan-out from the tri-state buffer "lpm_rom:inst1|otri[5]" to the node "lpm_add_sub0:inst|lpm_add_sub:LPM_ADD_SUB_component|add_sub_tmg:auto_generated|_" into an OR gate
    Warning (13047): Converted the fan-out from the tri-state buffer "lpm_rom:inst1|otri[4]" to the node "lpm_add_sub0:inst|lpm_add_sub:LPM_ADD_SUB_component|add_sub_tmg:auto_generated|_" into an OR gate
    Warning (13047): Converted the fan-out from the tri-state buffer "lpm_rom:inst1|otri[3]" to the node "lpm_add_sub0:inst|lpm_add_sub:LPM_ADD_SUB_component|add_sub_tmg:auto_generated|_" into an OR gate
    Warning (13047): Converted the fan-out from the tri-state buffer "lpm_rom:inst1|otri[2]" to the node "lpm_add_sub0:inst|lpm_add_sub:LPM_ADD_SUB_component|add_sub_tmg:auto_generated|_" into an OR gate
    Warning (13047): Converted the fan-out from the tri-state buffer "lpm_rom:inst1|otri[1]" to the node "lpm_add_sub0:inst|lpm_add_sub:LPM_ADD_SUB_component|add_sub_tmg:auto_generated|_" into an OR gate
    Warning (13047): Converted the fan-out from the tri-state buffer "lpm_rom:inst1|otri[0]" to the node "lpm_add_sub0:inst|lpm_add_sub:LPM_ADD_SUB_component|add_sub_tmg:auto_generated|_" into an OR gate
Info (13000): Registers with preset signals will power-up high
Info (13003): DEV_CLRn pin will set, and not reset, register with preset signal due to NOT Gate Push-Back
Info (286030): Timing-Driven Synthesis is running
Info (16010): Generating hard_block partition "hard_block:auto_generated_inst"
    Info (16011): Adding 0 node(s), including 0 DDIO, 0 PLL, 0 transceiver and 0 LCELL
Info (21057): Implemented 70 device resources after synthesis - the final resource count might be different
    Info (21058): Implemented 2 input pins
    Info (21059): Implemented 25 output pins
    Info (21061): Implemented 33 logic cells
    Info (21064): Implemented 10 RAM segments
Info: Quartus II 32-bit Analysis & Synthesis was successful. 0 errors, 31 warnings
    Info: Peak virtual memory: 407 megabytes
    Info: Processing ended: Thu Sep  1 11:22:10 2022
    Info: Elapsed time: 00:00:03
    Info: Total CPU time (on all processors): 00:00:03


